
> @nate-ignite-ui/docs@0.0.0 build
> storybook build

@storybook/cli v7.4.5

info => Cleaning outputDir: /storybook-static
info => Loading presets
info => Building manager..
info => Manager built (201 ms)
info => Copying static files: /home/nateflorencio/Área de Trabalho/projetos/05-design-system/node_modules/@storybook/manager/static at /home/nateflorencio/Área de Trabalho/projetos/05-design-system/packages/docs/storybook-static/sb-common-assets
vite v4.4.9 building for production...

./sb-common-assets/fonts.css doesn't exist at build time, it will remain unchanged to be resolved at runtime
transforming...
../../node_modules/telejson/dist/index.mjs (1413:15) Use of eval in "../../node_modules/telejson/dist/index.mjs" is strongly discouraged as it poses security risks and may cause issues with minification.
../../node_modules/telejson/dist/index.mjs (1416:18) Use of eval in "../../node_modules/telejson/dist/index.mjs" is strongly discouraged as it poses security risks and may cause issues with minification.
✓ 1661 modules transformed.
rendering chunks...
computing gzip size...
storybook-static/iframe.html                                          13.09 kB │ gzip:   3.69 kB
storybook-static/assets/TokensGrid-f24f098d.css                        0.44 kB │ gzip:   0.23 kB
storybook-static/assets/index-0ce7c09e.js                              0.25 kB │ gzip:   0.20 kB │ map:     0.10 kB
storybook-static/assets/extends-98964cd2.js                            0.29 kB │ gzip:   0.23 kB │ map:     0.95 kB
storybook-static/assets/preview-fae3c180.js                            0.29 kB │ gzip:   0.25 kB │ map:     0.77 kB
storybook-static/assets/_commonjsHelpers-725317a4.js                   0.29 kB │ gzip:   0.23 kB │ map:     0.11 kB
storybook-static/assets/DocsRenderer-3PUGWF3O-4a7a4c22.js              0.45 kB │ gzip:   0.29 kB │ map:     0.11 kB
storybook-static/assets/WithTooltip-J57HCPYA-ce2a40e0.js               0.47 kB │ gzip:   0.29 kB │ map:     0.11 kB
storybook-static/assets/syntaxhighlighter-PONEFOSF-d383f900.js         0.49 kB │ gzip:   0.32 kB │ map:     0.12 kB
storybook-static/assets/index-cf712c1b.js                              0.53 kB │ gzip:   0.34 kB │ map:     4.23 kB
storybook-static/assets/preview-15665768.js                            0.59 kB │ gzip:   0.36 kB │ map:     0.48 kB
storybook-static/assets/preview-87eac49b.js                            0.68 kB │ gzip:   0.48 kB │ map:     3.77 kB
storybook-static/assets/Box.stories-0782924e.js                        0.70 kB │ gzip:   0.44 kB │ map:     0.10 kB
storybook-static/assets/Checkbox.stories-98aeea2f.js                   0.75 kB │ gzip:   0.48 kB │ map:     0.11 kB
storybook-static/assets/index-356e4a49.js                              0.81 kB │ gzip:   0.51 kB │ map:     3.22 kB
storybook-static/assets/TokensGrid-63a78f66.js                         0.88 kB │ gzip:   0.46 kB │ map:     1.66 kB
storybook-static/assets/preview-b3c37142.js                            0.90 kB │ gzip:   0.59 kB │ map:     2.88 kB
storybook-static/assets/index-8c9e1412.js                              0.92 kB │ gzip:   0.51 kB │ map:     2.49 kB
storybook-static/assets/Avatar.stories-f2d79f48.js                     0.95 kB │ gzip:   0.52 kB │ map:     0.11 kB
storybook-static/assets/jsx-runtime-5fc188ad.js                        0.97 kB │ gzip:   0.61 kB │ map:     2.21 kB
storybook-static/assets/MultiStep.stories-c0977a67.js                  0.97 kB │ gzip:   0.54 kB │ map:     0.11 kB
storybook-static/assets/preview-c35fbb98.js                            1.05 kB │ gzip:   0.69 kB │ map:     3.19 kB
storybook-static/assets/TextArea.stories-574a2543.js                   1.11 kB │ gzip:   0.59 kB │ map:     0.12 kB
storybook-static/assets/home.stories-6f01fc18.js                       1.14 kB │ gzip:   0.63 kB │ map:     1.27 kB
storybook-static/assets/radii.stories-d7f381cd.js                      1.19 kB │ gzip:   0.64 kB │ map:     1.41 kB
storybook-static/assets/space.stories-2f9df175.js                      1.21 kB │ gzip:   0.65 kB │ map:     1.43 kB
storybook-static/assets/font-weights.stories-659ed91b.js               1.22 kB │ gzip:   0.65 kB │ map:     1.46 kB
storybook-static/assets/fonts.stories-6c3de6e3.js                      1.23 kB │ gzip:   0.65 kB │ map:     1.43 kB
storybook-static/assets/line-height.stories-454a8ab7.js                1.23 kB │ gzip:   0.65 kB │ map:     1.46 kB
storybook-static/assets/font-sizes.stories-743e0c0c.js                 1.23 kB │ gzip:   0.66 kB │ map:     1.47 kB
storybook-static/assets/Text.stories-ec08ceec.js                       1.27 kB │ gzip:   0.68 kB │ map:     0.11 kB
storybook-static/assets/Heading.stories-2c93f91a.js                    1.31 kB │ gzip:   0.66 kB │ map:     0.12 kB
storybook-static/assets/TextInput.stories-6d4758ce.js                  1.37 kB │ gzip:   0.66 kB │ map:     0.12 kB
storybook-static/assets/colors.stories-ff4e5f23.js                     1.55 kB │ gzip:   0.84 kB │ map:     2.53 kB
storybook-static/assets/preview-bed967c6.js                            2.38 kB │ gzip:   1.24 kB │ map:    10.67 kB
storybook-static/assets/index-d37d4223.js                              2.63 kB │ gzip:   1.30 kB │ map:     7.43 kB
storybook-static/assets/preview-15309724.js                            3.22 kB │ gzip:   1.39 kB │ map:    10.15 kB
storybook-static/assets/Button.stories-8d2da7d3.js                     4.68 kB │ gzip:   1.33 kB │ map:     6.05 kB
storybook-static/assets/preview-b8d6c68d.js                            7.67 kB │ gzip:   1.59 kB │ map:    14.14 kB
storybook-static/assets/preview-2059b184.js                            8.32 kB │ gzip:   3.20 kB │ map:    29.30 kB
storybook-static/assets/iframe-90766bc0.js                            10.13 kB │ gzip:   2.12 kB │ map:     8.25 kB
storybook-static/assets/GlobalScrollAreaStyles-UY5SB7EJ-76885315.js   15.07 kB │ gzip:   2.84 kB │ map:    21.37 kB
storybook-static/assets/preview-5c6325c3.js                           21.12 kB │ gzip:   7.00 kB │ map:    68.22 kB
storybook-static/assets/chunk-6P7RB4HF-c879cb99.js                    21.63 kB │ gzip:   7.21 kB │ map:    49.58 kB
storybook-static/assets/OverlayScrollbars-GZGLA7DL-79c6e7e0.js        28.95 kB │ gzip:  14.21 kB │ map:   108.10 kB
storybook-static/assets/Color-6VNJS4EI-db3056e4.js                    31.08 kB │ gzip:  11.69 kB │ map:   112.13 kB
storybook-static/assets/index-0c0b9aac.js                             36.99 kB │ gzip:  12.90 kB │ map:   139.58 kB
storybook-static/assets/index-e8a4bda7.js                             78.74 kB │ gzip:  23.64 kB │ map:   320.03 kB
storybook-static/assets/index-c0290abd.js                            141.33 kB │ gzip:  45.51 kB │ map:   344.69 kB
storybook-static/assets/config-d691b9f0.js                           323.29 kB │ gzip:  99.55 kB │ map: 1,160.56 kB
storybook-static/assets/chunk-S4VUQJ4A-978b7f1c.js                   496.85 kB │ gzip: 162.37 kB │ map: 1,435.15 kB
storybook-static/assets/axe-12af4522.js                              554.63 kB │ gzip: 151.94 kB │ map: 1,993.90 kB
storybook-static/assets/formatter-SWP5E3XI-cd097090.js               601.67 kB │ gzip: 185.06 kB │ map: 1,318.55 kB

(!) Some chunks are larger than 500 kBs after minification. Consider:
- Using dynamic import() to code-split the application
- Use build.rollupOptions.output.manualChunks to improve chunking: https://rollupjs.org/configuration-options/#output-manualchunks
- Adjust chunk size limit for this warning via build.chunkSizeWarningLimit.
✓ built in 16.34s
info => Output directory: /home/nateflorencio/Área de Trabalho/projetos/05-design-system/packages/docs/storybook-static

attention => Storybook now collects completely anonymous telemetry regarding usage.
This information is used to shape Storybook's roadmap and prioritize features.
You can learn more, including how to opt-out if you'd not like to participate in this anonymous program, by visiting the following URL:
https://storybook.js.org/telemetry

